Start testing: Aug 01 23:29 CDT
----------------------------------------------------------
1/1 Testing: nn_test
1/1 Test: nn_test
Command: "/home/jiguangshen/HPC_MachineLearning/MLcpp/bin/neural_net_unittest" "WORKING_DIRECTORY" "/home/jiguangshen/HPC_MachineLearning/MLcpp/src/../bin"
Directory: /home/jiguangshen/HPC_MachineLearning/MLcpp/src
"nn_test" start time: Aug 01 23:29 CDT
Output:
----------------------------------------------------------
[==========] Running 5 tests from 3 test cases.
[----------] Global test environment set-up.
[----------] 2 tests from neuron
[ RUN      ] neuron.neuron_ctr
[       OK ] neuron.neuron_ctr (1 ms)
[ RUN      ] neuron.neuron_rand
[       OK ] neuron.neuron_rand (0 ms)
[----------] 2 tests from neuron (1 ms total)

[----------] 2 tests from layer
[ RUN      ] layer.layer_ctr
[       OK ] layer.layer_ctr (0 ms)
[ RUN      ] layer.layer_cal
[       OK ] layer.layer_cal (0 ms)
[----------] 2 tests from layer (0 ms total)

[----------] 1 test from nnet
[ RUN      ] nnet.nnet_ctr
[       OK ] nnet.nnet_ctr (0 ms)
[----------] 1 test from nnet (0 ms total)

[----------] Global test environment tear-down
[==========] 5 tests from 3 test cases ran. (1 ms total)
[  PASSED  ] 5 tests.
<end of output>
Test time =   0.00 sec
----------------------------------------------------------
Test Passed.
"nn_test" end time: Aug 01 23:29 CDT
"nn_test" time elapsed: 00:00:00
----------------------------------------------------------

End testing: Aug 01 23:29 CDT
